[2023-06-28 05:10:09] local.ERROR: Vite manifest not found at: D:\COOLIYAH\SEMESTER 4\PEMROGRAMAN FRAMEWORK\modul8-praktikum\public\build/manifest.json {"view":{"view":"D:\\COOLIYAH\\SEMESTER 4\\PEMROGRAMAN FRAMEWORK\\modul8-praktikum\\resources\\views\\layouts\\app.blade.php","data":{"errors":"<pre class=sf-dump id=sf-dump-1129760517 data-indent-pad=\"  \"><span class=sf-dump-note>Illuminate\\Support\\ViewErrorBag</span> {<a class=sf-dump-ref>#297</a><samp data-depth=1 class=sf-dump-expanded>
  #<span class=sf-dump-protected title=\"Protected property\">bags</span>: []
</samp>}
</pre><script>Sfdump(\"sf-dump-1129760517\", {\"maxDepth\":3,\"maxStringLength\":160})</script>
"}},"exception":"[object] (Spatie\\LaravelIgnition\\Exceptions\\ViewException(code: 0): Vite manifest not found at: D:\\COOLIYAH\\SEMESTER 4\\PEMROGRAMAN FRAMEWORK\\modul8-praktikum\\public\\build/manifest.json at D:\\COOLIYAH\\SEMESTER 4\\PEMROGRAMAN FRAMEWORK\\modul8-praktikum\\vendor\\laravel\\framework\\src\\Illuminate\\Foundation\\Vite.php:684)
[stacktrace]
#0 D:\\COOLIYAH\\SEMESTER 4\\PEMROGRAMAN FRAMEWORK\\modul8-praktikum\\vendor\\laravel\\framework\\src\\Illuminate\\Foundation\\Vite.php(273): Illuminate\\Foundation\\Vite->manifest('build')
#1 D:\\COOLIYAH\\SEMESTER 4\\PEMROGRAMAN FRAMEWORK\\modul8-praktikum\\resources\\views\\layouts\\app.blade.php(17): Illuminate\\Foundation\\Vite->__invoke(Object(Illuminate\\Support\\Collection))
#2 D:\\COOLIYAH\\SEMESTER 4\\PEMROGRAMAN FRAMEWORK\\modul8-praktikum\\vendor\\laravel\\framework\\src\\Illuminate\\Filesystem\\Filesystem.php(124): require('D:\\\\COOLIYAH\\\\SEM...')
#3 D:\\COOLIYAH\\SEMESTER 4\\PEMROGRAMAN FRAMEWORK\\modul8-praktikum\\vendor\\laravel\\framework\\src\\Illuminate\\Filesystem\\Filesystem.php(125): Illuminate\\Filesystem\\Filesystem::Illuminate\\Filesystem\\{closure}()
#4 D:\\COOLIYAH\\SEMESTER 4\\PEMROGRAMAN FRAMEWORK\\modul8-praktikum\\vendor\\laravel\\framework\\src\\Illuminate\\View\\Engines\\PhpEngine.php(58): Illuminate\\Filesystem\\Filesystem->getRequire('D:\\\\COOLIYAH\\\\SEM...', Array)
#5 D:\\COOLIYAH\\SEMESTER 4\\PEMROGRAMAN FRAMEWORK\\modul8-praktikum\\vendor\\laravel\\framework\\src\\Illuminate\\View\\Engines\\CompilerEngine.php(70): Illuminate\\View\\Engines\\PhpEngine->evaluatePath('D:\\\\COOLIYAH\\\\SEM...', Array)
#6 D:\\COOLIYAH\\SEMESTER 4\\PEMROGRAMAN FRAMEWORK\\modul8-praktikum\\vendor\\laravel\\framework\\src\\Illuminate\\View\\View.php(195): Illuminate\\View\\Engines\\CompilerEngine->get('D:\\\\COOLIYAH\\\\SEM...', Array)
#7 D:\\COOLIYAH\\SEMESTER 4\\PEMROGRAMAN FRAMEWORK\\modul8-praktikum\\vendor\\laravel\\framework\\src\\Illuminate\\View\\View.php(178): Illuminate\\View\\View->getContents()
#8 D:\\COOLIYAH\\SEMESTER 4\\PEMROGRAMAN FRAMEWORK\\modul8-praktikum\\vendor\\laravel\\framework\\src\\Illuminate\\View\\View.php(147): Illuminate\\View\\View->renderContents()
#9 D:\\COOLIYAH\\SEMESTER 4\\PEMROGRAMAN FRAMEWORK\\modul8-praktikum\\resources\\views\\auth\\login.blade.php(73): Illuminate\\View\\View->render()
#10 D:\\COOLIYAH\\SEMESTER 4\\PEMROGRAMAN FRAMEWORK\\modul8-praktikum\\vendor\\laravel\\framework\\src\\Illuminate\\Filesystem\\Filesystem.php(124): require('D:\\\\COOLIYAH\\\\SEM...')
#11 D:\\COOLIYAH\\SEMESTER 4\\PEMROGRAMAN FRAMEWORK\\modul8-praktikum\\vendor\\laravel\\framework\\src\\Illuminate\\Filesystem\\Filesystem.php(125): Illuminate\\Filesystem\\Filesystem::Illuminate\\Filesystem\\{closure}()
#12 D:\\COOLIYAH\\SEMESTER 4\\PEMROGRAMAN FRAMEWORK\\modul8-praktikum\\vendor\\laravel\\framework\\src\\Illuminate\\View\\Engines\\PhpEngine.php(58): Illuminate\\Filesystem\\Filesystem->getRequire('D:\\\\COOLIYAH\\\\SEM...', Array)
#13 D:\\COOLIYAH\\SEMESTER 4\\PEMROGRAMAN FRAMEWORK\\modul8-praktikum\\vendor\\laravel\\framework\\src\\Illuminate\\View\\Engines\\CompilerEngine.php(70): Illuminate\\View\\Engines\\PhpEngine->evaluatePath('D:\\\\COOLIYAH\\\\SEM...', Array)
#14 D:\\COOLIYAH\\SEMESTER 4\\PEMROGRAMAN FRAMEWORK\\modul8-praktikum\\vendor\\laravel\\framework\\src\\Illuminate\\View\\View.php(195): Illuminate\\View\\Engines\\CompilerEngine->get('D:\\\\COOLIYAH\\\\SEM...', Array)
#15 D:\\COOLIYAH\\SEMESTER 4\\PEMROGRAMAN FRAMEWORK\\modul8-praktikum\\vendor\\laravel\\framework\\src\\Illuminate\\View\\View.php(178): Illuminate\\View\\View->getContents()
#16 D:\\COOLIYAH\\SEMESTER 4\\PEMROGRAMAN FRAMEWORK\\modul8-praktikum\\vendor\\laravel\\framework\\src\\Illuminate\\View\\View.php(147): Illuminate\\View\\View->renderContents()
#17 D:\\COOLIYAH\\SEMESTER 4\\PEMROGRAMAN FRAMEWORK\\modul8-praktikum\\vendor\\laravel\\framework\\src\\Illuminate\\Http\\Response.php(69): Illuminate\\View\\View->render()
#18 D:\\COOLIYAH\\SEMESTER 4\\PEMROGRAMAN FRAMEWORK\\modul8-praktikum\\vendor\\laravel\\framework\\src\\Illuminate\\Http\\Response.php(35): Illuminate\\Http\\Response->setContent(Object(Illuminate\\View\\View))
#19 D:\\COOLIYAH\\SEMESTER 4\\PEMROGRAMAN FRAMEWORK\\modul8-praktikum\\vendor\\laravel\\framework\\src\\Illuminate\\Routing\\Router.php(911): Illuminate\\Http\\Response->__construct(Object(Illuminate\\View\\View), 200, Array)
#20 D:\\COOLIYAH\\SEMESTER 4\\PEMROGRAMAN FRAMEWORK\\modul8-praktikum\\vendor\\laravel\\framework\\src\\Illuminate\\Routing\\Router.php(878): Illuminate\\Routing\\Router::toResponse(Object(Illuminate\\Http\\Request), Object(Illuminate\\View\\View))
#21 D:\\COOLIYAH\\SEMESTER 4\\PEMROGRAMAN FRAMEWORK\\modul8-praktikum\\vendor\\laravel\\framework\\src\\Illuminate\\Routing\\Router.php(799): Illuminate\\Routing\\Router->prepareResponse(Object(Illuminate\\Http\\Request), Object(Illuminate\\View\\View))
#22 D:\\COOLIYAH\\SEMESTER 4\\PEMROGRAMAN FRAMEWORK\\modul8-praktikum\\vendor\\laravel\\framework\\src\\Illuminate\\Pipeline\\Pipeline.php(141): Illuminate\\Routing\\Router->Illuminate\\Routing\\{closure}(Object(Illuminate\\Http\\Request))
#23 D:\\COOLIYAH\\SEMESTER 4\\PEMROGRAMAN FRAMEWORK\\modul8-praktikum\\app\\Http\\Middleware\\RedirectIfAuthenticated.php(28): Illuminate\\Pipeline\\Pipeline->Illuminate\\Pipeline\\{closure}(Object(Illuminate\\Http\\Request))
#24 D:\\COOLIYAH\\SEMESTER 4\\PEMROGRAMAN FRAMEWORK\\modul8-praktikum\\vendor\\laravel\\framework\\src\\Illuminate\\Pipeline\\Pipeline.php(180): App\\Http\\Middleware\\RedirectIfAuthenticated->handle(Object(Illuminate\\Http\\Request), Object(Closure))
#25 D:\\COOLIYAH\\SEMESTER 4\\PEMROGRAMAN FRAMEWORK\\modul8-praktikum\\vendor\\laravel\\framework\\src\\Illuminate\\Routing\\Middleware\\SubstituteBindings.php(50): Illuminate\\Pipeline\\Pipeline->Illuminate\\Pipeline\\{closure}(Object(Illuminate\\Http\\Request))
#26 D:\\COOLIYAH\\SEMESTER 4\\PEMROGRAMAN FRAMEWORK\\modul8-praktikum\\vendor\\laravel\\framework\\src\\Illuminate\\Pipeline\\Pipeline.php(180): Illuminate\\Routing\\Middleware\\SubstituteBindings->handle(Object(Illuminate\\Http\\Request), Object(Closure))
#27 D:\\COOLIYAH\\SEMESTER 4\\PEMROGRAMAN FRAMEWORK\\modul8-praktikum\\vendor\\laravel\\framework\\src\\Illuminate\\Foundation\\Http\\Middleware\\VerifyCsrfToken.php(78): Illuminate\\Pipeline\\Pipeline->Illuminate\\Pipeline\\{closure}(Object(Illuminate\\Http\\Request))
#28 D:\\COOLIYAH\\SEMESTER 4\\PEMROGRAMAN FRAMEWORK\\modul8-praktikum\\vendor\\laravel\\framework\\src\\Illuminate\\Pipeline\\Pipeline.php(180): Illuminate\\Foundation\\Http\\Middleware\\VerifyCsrfToken->handle(Object(Illuminate\\Http\\Request), Object(Closure))
#29 D:\\COOLIYAH\\SEMESTER 4\\PEMROGRAMAN FRAMEWORK\\modul8-praktikum\\vendor\\laravel\\framework\\src\\Illuminate\\View\\Middleware\\ShareErrorsFromSession.php(49): Illuminate\\Pipeline\\Pipeline->Illuminate\\Pipeline\\{closure}(Object(Illuminate\\Http\\Request))
#30 D:\\COOLIYAH\\SEMESTER 4\\PEMROGRAMAN FRAMEWORK\\modul8-praktikum\\vendor\\laravel\\framework\\src\\Illuminate\\Pipeline\\Pipeline.php(180): Illuminate\\View\\Middleware\\ShareErrorsFromSession->handle(Object(Illuminate\\Http\\Request), Object(Closure))
#31 D:\\COOLIYAH\\SEMESTER 4\\PEMROGRAMAN FRAMEWORK\\modul8-praktikum\\vendor\\laravel\\framework\\src\\Illuminate\\Session\\Middleware\\StartSession.php(121): Illuminate\\Pipeline\\Pipeline->Illuminate\\Pipeline\\{closure}(Object(Illuminate\\Http\\Request))
#32 D:\\COOLIYAH\\SEMESTER 4\\PEMROGRAMAN FRAMEWORK\\modul8-praktikum\\vendor\\laravel\\framework\\src\\Illuminate\\Session\\Middleware\\StartSession.php(64): Illuminate\\Session\\Middleware\\StartSession->handleStatefulRequest(Object(Illuminate\\Http\\Request), Object(Illuminate\\Session\\Store), Object(Closure))
#33 D:\\COOLIYAH\\SEMESTER 4\\PEMROGRAMAN FRAMEWORK\\modul8-praktikum\\vendor\\laravel\\framework\\src\\Illuminate\\Pipeline\\Pipeline.php(180): Illuminate\\Session\\Middleware\\StartSession->handle(Object(Illuminate\\Http\\Request), Object(Closure))
#34 D:\\COOLIYAH\\SEMESTER 4\\PEMROGRAMAN FRAMEWORK\\modul8-praktikum\\vendor\\laravel\\framework\\src\\Illuminate\\Cookie\\Middleware\\AddQueuedCookiesToResponse.php(37): Illuminate\\Pipeline\\Pipeline->Illuminate\\Pipeline\\{closure}(Object(Illuminate\\Http\\Request))
#35 D:\\COOLIYAH\\SEMESTER 4\\PEMROGRAMAN FRAMEWORK\\modul8-praktikum\\vendor\\laravel\\framework\\src\\Illuminate\\Pipeline\\Pipeline.php(180): Illuminate\\Cookie\\Middleware\\AddQueuedCookiesToResponse->handle(Object(Illuminate\\Http\\Request), Object(Closure))
#36 D:\\COOLIYAH\\SEMESTER 4\\PEMROGRAMAN FRAMEWORK\\modul8-praktikum\\vendor\\laravel\\framework\\src\\Illuminate\\Cookie\\Middleware\\EncryptCookies.php(67): Illuminate\\Pipeline\\Pipeline->Illuminate\\Pipeline\\{closure}(Object(Illuminate\\Http\\Request))
#37 D:\\COOLIYAH\\SEMESTER 4\\PEMROGRAMAN FRAMEWORK\\modul8-praktikum\\vendor\\laravel\\framework\\src\\Illuminate\\Pipeline\\Pipeline.php(180): Illuminate\\Cookie\\Middleware\\EncryptCookies->handle(Object(Illuminate\\Http\\Request), Object(Closure))
#38 D:\\COOLIYAH\\SEMESTER 4\\PEMROGRAMAN FRAMEWORK\\modul8-praktikum\\vendor\\laravel\\framework\\src\\Illuminate\\Pipeline\\Pipeline.php(116): Illuminate\\Pipeline\\Pipeline->Illuminate\\Pipeline\\{closure}(Object(Illuminate\\Http\\Request))
#39 D:\\COOLIYAH\\SEMESTER 4\\PEMROGRAMAN FRAMEWORK\\modul8-praktikum\\vendor\\laravel\\framework\\src\\Illuminate\\Routing\\Router.php(800): Illuminate\\Pipeline\\Pipeline->then(Object(Closure))
#40 D:\\COOLIYAH\\SEMESTER 4\\PEMROGRAMAN FRAMEWORK\\modul8-praktikum\\vendor\\laravel\\framework\\src\\Illuminate\\Routing\\Router.php(777): Illuminate\\Routing\\Router->runRouteWithinStack(Object(Illuminate\\Routing\\Route), Object(Illuminate\\Http\\Request))
#41 D:\\COOLIYAH\\SEMESTER 4\\PEMROGRAMAN FRAMEWORK\\modul8-praktikum\\vendor\\laravel\\framework\\src\\Illuminate\\Routing\\Router.php(741): Illuminate\\Routing\\Router->runRoute(Object(Illuminate\\Http\\Request), Object(Illuminate\\Routing\\Route))
#42 D:\\COOLIYAH\\SEMESTER 4\\PEMROGRAMAN FRAMEWORK\\modul8-praktikum\\vendor\\laravel\\framework\\src\\Illuminate\\Routing\\Router.php(730): Illuminate\\Routing\\Router->dispatchToRoute(Object(Illuminate\\Http\\Request))
#43 D:\\COOLIYAH\\SEMESTER 4\\PEMROGRAMAN FRAMEWORK\\modul8-praktikum\\vendor\\laravel\\framework\\src\\Illuminate\\Foundation\\Http\\Kernel.php(200): Illuminate\\Routing\\Router->dispatch(Object(Illuminate\\Http\\Request))
#44 D:\\COOLIYAH\\SEMESTER 4\\PEMROGRAMAN FRAMEWORK\\modul8-praktikum\\vendor\\laravel\\framework\\src\\Illuminate\\Pipeline\\Pipeline.php(141): Illuminate\\Foundation\\Http\\Kernel->Illuminate\\Foundation\\Http\\{closure}(Object(Illuminate\\Http\\Request))
#45 D:\\COOLIYAH\\SEMESTER 4\\PEMROGRAMAN FRAMEWORK\\modul8-praktikum\\vendor\\laravel\\framework\\src\\Illuminate\\Foundation\\Http\\Middleware\\TransformsRequest.php(21): Illuminate\\Pipeline\\Pipeline->Illuminate\\Pipeline\\{closure}(Object(Illuminate\\Http\\Request))
#46 D:\\COOLIYAH\\SEMESTER 4\\PEMROGRAMAN FRAMEWORK\\modul8-praktikum\\vendor\\laravel\\framework\\src\\Illuminate\\Foundation\\Http\\Middleware\\ConvertEmptyStringsToNull.php(31): Illuminate\\Foundation\\Http\\Middleware\\TransformsRequest->handle(Object(Illuminate\\Http\\Request), Object(Closure))
#47 D:\\COOLIYAH\\SEMESTER 4\\PEMROGRAMAN FRAMEWORK\\modul8-praktikum\\vendor\\laravel\\framework\\src\\Illuminate\\Pipeline\\Pipeline.php(180): Illuminate\\Foundation\\Http\\Middleware\\ConvertEmptyStringsToNull->handle(Object(Illuminate\\Http\\Request), Object(Closure))
#48 D:\\COOLIYAH\\SEMESTER 4\\PEMROGRAMAN FRAMEWORK\\modul8-praktikum\\vendor\\laravel\\framework\\src\\Illuminate\\Foundation\\Http\\Middleware\\TransformsRequest.php(21): Illuminate\\Pipeline\\Pipeline->Illuminate\\Pipeline\\{closure}(Object(Illuminate\\Http\\Request))
#49 D:\\COOLIYAH\\SEMESTER 4\\PEMROGRAMAN FRAMEWORK\\modul8-praktikum\\vendor\\laravel\\framework\\src\\Illuminate\\Foundation\\Http\\Middleware\\TrimStrings.php(40): Illuminate\\Foundation\\Http\\Middleware\\TransformsRequest->handle(Object(Illuminate\\Http\\Request), Object(Closure))
#50 D:\\COOLIYAH\\SEMESTER 4\\PEMROGRAMAN FRAMEWORK\\modul8-praktikum\\vendor\\laravel\\framework\\src\\Illuminate\\Pipeline\\Pipeline.php(180): Illuminate\\Foundation\\Http\\Middleware\\TrimStrings->handle(Object(Illuminate\\Http\\Request), Object(Closure))
#51 D:\\COOLIYAH\\SEMESTER 4\\PEMROGRAMAN FRAMEWORK\\modul8-praktikum\\vendor\\laravel\\framework\\src\\Illuminate\\Foundation\\Http\\Middleware\\ValidatePostSize.php(27): Illuminate\\Pipeline\\Pipeline->Illuminate\\Pipeline\\{closure}(Object(Illuminate\\Http\\Request))
#52 D:\\COOLIYAH\\SEMESTER 4\\PEMROGRAMAN FRAMEWORK\\modul8-praktikum\\vendor\\laravel\\framework\\src\\Illuminate\\Pipeline\\Pipeline.php(180): Illuminate\\Foundation\\Http\\Middleware\\ValidatePostSize->handle(Object(Illuminate\\Http\\Request), Object(Closure))
#53 D:\\COOLIYAH\\SEMESTER 4\\PEMROGRAMAN FRAMEWORK\\modul8-praktikum\\vendor\\laravel\\framework\\src\\Illuminate\\Foundation\\Http\\Middleware\\PreventRequestsDuringMaintenance.php(86): Illuminate\\Pipeline\\Pipeline->Illuminate\\Pipeline\\{closure}(Object(Illuminate\\Http\\Request))
#54 D:\\COOLIYAH\\SEMESTER 4\\PEMROGRAMAN FRAMEWORK\\modul8-praktikum\\vendor\\laravel\\framework\\src\\Illuminate\\Pipeline\\Pipeline.php(180): Illuminate\\Foundation\\Http\\Middleware\\PreventRequestsDuringMaintenance->handle(Object(Illuminate\\Http\\Request), Object(Closure))
#55 D:\\COOLIYAH\\SEMESTER 4\\PEMROGRAMAN FRAMEWORK\\modul8-praktikum\\vendor\\laravel\\framework\\src\\Illuminate\\Http\\Middleware\\HandleCors.php(49): Illuminate\\Pipeline\\Pipeline->Illuminate\\Pipeline\\{closure}(Object(Illuminate\\Http\\Request))
#56 D:\\COOLIYAH\\SEMESTER 4\\PEMROGRAMAN FRAMEWORK\\modul8-praktikum\\vendor\\laravel\\framework\\src\\Illuminate\\Pipeline\\Pipeline.php(180): Illuminate\\Http\\Middleware\\HandleCors->handle(Object(Illuminate\\Http\\Request), Object(Closure))
#57 D:\\COOLIYAH\\SEMESTER 4\\PEMROGRAMAN FRAMEWORK\\modul8-praktikum\\vendor\\laravel\\framework\\src\\Illuminate\\Http\\Middleware\\TrustProxies.php(39): Illuminate\\Pipeline\\Pipeline->Illuminate\\Pipeline\\{closure}(Object(Illuminate\\Http\\Request))
#58 D:\\COOLIYAH\\SEMESTER 4\\PEMROGRAMAN FRAMEWORK\\modul8-praktikum\\vendor\\laravel\\framework\\src\\Illuminate\\Pipeline\\Pipeline.php(180): Illuminate\\Http\\Middleware\\TrustProxies->handle(Object(Illuminate\\Http\\Request), Object(Closure))
#59 D:\\COOLIYAH\\SEMESTER 4\\PEMROGRAMAN FRAMEWORK\\modul8-praktikum\\vendor\\laravel\\framework\\src\\Illuminate\\Pipeline\\Pipeline.php(116): Illuminate\\Pipeline\\Pipeline->Illuminate\\Pipeline\\{closure}(Object(Illuminate\\Http\\Request))
#60 D:\\COOLIYAH\\SEMESTER 4\\PEMROGRAMAN FRAMEWORK\\modul8-praktikum\\vendor\\laravel\\framework\\src\\Illuminate\\Foundation\\Http\\Kernel.php(175): Illuminate\\Pipeline\\Pipeline->then(Object(Closure))
#61 D:\\COOLIYAH\\SEMESTER 4\\PEMROGRAMAN FRAMEWORK\\modul8-praktikum\\vendor\\laravel\\framework\\src\\Illuminate\\Foundation\\Http\\Kernel.php(144): Illuminate\\Foundation\\Http\\Kernel->sendRequestThroughRouter(Object(Illuminate\\Http\\Request))
#62 D:\\COOLIYAH\\SEMESTER 4\\PEMROGRAMAN FRAMEWORK\\modul8-praktikum\\public\\index.php(52): Illuminate\\Foundation\\Http\\Kernel->handle(Object(Illuminate\\Http\\Request))
#63 D:\\COOLIYAH\\SEMESTER 4\\PEMROGRAMAN FRAMEWORK\\modul8-praktikum\\vendor\\laravel\\framework\\src\\Illuminate\\Foundation\\resources\\server.php(16): require_once('D:\\\\COOLIYAH\\\\SEM...')
#64 {main}

[previous exception] [object] (Exception(code: 0): Vite manifest not found at: D:\\COOLIYAH\\SEMESTER 4\\PEMROGRAMAN FRAMEWORK\\modul8-praktikum\\public\\build/manifest.json at D:\\COOLIYAH\\SEMESTER 4\\PEMROGRAMAN FRAMEWORK\\modul8-praktikum\\vendor\\laravel\\framework\\src\\Illuminate\\Foundation\\Vite.php:684)
[stacktrace]
#0 D:\\COOLIYAH\\SEMESTER 4\\PEMROGRAMAN FRAMEWORK\\modul8-praktikum\\vendor\\laravel\\framework\\src\\Illuminate\\Foundation\\Vite.php(273): Illuminate\\Foundation\\Vite->manifest('build')
#1 D:\\COOLIYAH\\SEMESTER 4\\PEMROGRAMAN FRAMEWORK\\modul8-praktikum\\storage\\framework\\views\\e4aa51eacfae815ca0fd787301bc35c2.php(17): Illuminate\\Foundation\\Vite->__invoke(Object(Illuminate\\Support\\Collection))
#2 D:\\COOLIYAH\\SEMESTER 4\\PEMROGRAMAN FRAMEWORK\\modul8-praktikum\\vendor\\laravel\\framework\\src\\Illuminate\\Filesystem\\Filesystem.php(124): require('D:\\\\COOLIYAH\\\\SEM...')
#3 D:\\COOLIYAH\\SEMESTER 4\\PEMROGRAMAN FRAMEWORK\\modul8-praktikum\\vendor\\laravel\\framework\\src\\Illuminate\\Filesystem\\Filesystem.php(125): Illuminate\\Filesystem\\Filesystem::Illuminate\\Filesystem\\{closure}()
#4 D:\\COOLIYAH\\SEMESTER 4\\PEMROGRAMAN FRAMEWORK\\modul8-praktikum\\vendor\\laravel\\framework\\src\\Illuminate\\View\\Engines\\PhpEngine.php(58): Illuminate\\Filesystem\\Filesystem->getRequire('D:\\\\COOLIYAH\\\\SEM...', Array)
#5 D:\\COOLIYAH\\SEMESTER 4\\PEMROGRAMAN FRAMEWORK\\modul8-praktikum\\vendor\\laravel\\framework\\src\\Illuminate\\View\\Engines\\CompilerEngine.php(70): Illuminate\\View\\Engines\\PhpEngine->evaluatePath('D:\\\\COOLIYAH\\\\SEM...', Array)
#6 D:\\COOLIYAH\\SEMESTER 4\\PEMROGRAMAN FRAMEWORK\\modul8-praktikum\\vendor\\laravel\\framework\\src\\Illuminate\\View\\View.php(195): Illuminate\\View\\Engines\\CompilerEngine->get('D:\\\\COOLIYAH\\\\SEM...', Array)
#7 D:\\COOLIYAH\\SEMESTER 4\\PEMROGRAMAN FRAMEWORK\\modul8-praktikum\\vendor\\laravel\\framework\\src\\Illuminate\\View\\View.php(178): Illuminate\\View\\View->getContents()
#8 D:\\COOLIYAH\\SEMESTER 4\\PEMROGRAMAN FRAMEWORK\\modul8-praktikum\\vendor\\laravel\\framework\\src\\Illuminate\\View\\View.php(147): Illuminate\\View\\View->renderContents()
#9 D:\\COOLIYAH\\SEMESTER 4\\PEMROGRAMAN FRAMEWORK\\modul8-praktikum\\storage\\framework\\views\\d709d9c3549b0e0192bad28bab5b1994.php(104): Illuminate\\View\\View->render()
#10 D:\\COOLIYAH\\SEMESTER 4\\PEMROGRAMAN FRAMEWORK\\modul8-praktikum\\vendor\\laravel\\framework\\src\\Illuminate\\Filesystem\\Filesystem.php(124): require('D:\\\\COOLIYAH\\\\SEM...')
#11 D:\\COOLIYAH\\SEMESTER 4\\PEMROGRAMAN FRAMEWORK\\modul8-praktikum\\vendor\\laravel\\framework\\src\\Illuminate\\Filesystem\\Filesystem.php(125): Illuminate\\Filesystem\\Filesystem::Illuminate\\Filesystem\\{closure}()
#12 D:\\COOLIYAH\\SEMESTER 4\\PEMROGRAMAN FRAMEWORK\\modul8-praktikum\\vendor\\laravel\\framework\\src\\Illuminate\\View\\Engines\\PhpEngine.php(58): Illuminate\\Filesystem\\Filesystem->getRequire('D:\\\\COOLIYAH\\\\SEM...', Array)
#13 D:\\COOLIYAH\\SEMESTER 4\\PEMROGRAMAN FRAMEWORK\\modul8-praktikum\\vendor\\laravel\\framework\\src\\Illuminate\\View\\Engines\\CompilerEngine.php(70): Illuminate\\View\\Engines\\PhpEngine->evaluatePath('D:\\\\COOLIYAH\\\\SEM...', Array)
#14 D:\\COOLIYAH\\SEMESTER 4\\PEMROGRAMAN FRAMEWORK\\modul8-praktikum\\vendor\\laravel\\framework\\src\\Illuminate\\View\\View.php(195): Illuminate\\View\\Engines\\CompilerEngine->get('D:\\\\COOLIYAH\\\\SEM...', Array)
#15 D:\\COOLIYAH\\SEMESTER 4\\PEMROGRAMAN FRAMEWORK\\modul8-praktikum\\vendor\\laravel\\framework\\src\\Illuminate\\View\\View.php(178): Illuminate\\View\\View->getContents()
#16 D:\\COOLIYAH\\SEMESTER 4\\PEMROGRAMAN FRAMEWORK\\modul8-praktikum\\vendor\\laravel\\framework\\src\\Illuminate\\View\\View.php(147): Illuminate\\View\\View->renderContents()
#17 D:\\COOLIYAH\\SEMESTER 4\\PEMROGRAMAN FRAMEWORK\\modul8-praktikum\\vendor\\laravel\\framework\\src\\Illuminate\\Http\\Response.php(69): Illuminate\\View\\View->render()
#18 D:\\COOLIYAH\\SEMESTER 4\\PEMROGRAMAN FRAMEWORK\\modul8-praktikum\\vendor\\laravel\\framework\\src\\Illuminate\\Http\\Response.php(35): Illuminate\\Http\\Response->setContent(Object(Illuminate\\View\\View))
#19 D:\\COOLIYAH\\SEMESTER 4\\PEMROGRAMAN FRAMEWORK\\modul8-praktikum\\vendor\\laravel\\framework\\src\\Illuminate\\Routing\\Router.php(911): Illuminate\\Http\\Response->__construct(Object(Illuminate\\View\\View), 200, Array)
#20 D:\\COOLIYAH\\SEMESTER 4\\PEMROGRAMAN FRAMEWORK\\modul8-praktikum\\vendor\\laravel\\framework\\src\\Illuminate\\Routing\\Router.php(878): Illuminate\\Routing\\Router::toResponse(Object(Illuminate\\Http\\Request), Object(Illuminate\\View\\View))
#21 D:\\COOLIYAH\\SEMESTER 4\\PEMROGRAMAN FRAMEWORK\\modul8-praktikum\\vendor\\laravel\\framework\\src\\Illuminate\\Routing\\Router.php(799): Illuminate\\Routing\\Router->prepareResponse(Object(Illuminate\\Http\\Request), Object(Illuminate\\View\\View))
#22 D:\\COOLIYAH\\SEMESTER 4\\PEMROGRAMAN FRAMEWORK\\modul8-praktikum\\vendor\\laravel\\framework\\src\\Illuminate\\Pipeline\\Pipeline.php(141): Illuminate\\Routing\\Router->Illuminate\\Routing\\{closure}(Object(Illuminate\\Http\\Request))
#23 D:\\COOLIYAH\\SEMESTER 4\\PEMROGRAMAN FRAMEWORK\\modul8-praktikum\\app\\Http\\Middleware\\RedirectIfAuthenticated.php(28): Illuminate\\Pipeline\\Pipeline->Illuminate\\Pipeline\\{closure}(Object(Illuminate\\Http\\Request))
#24 D:\\COOLIYAH\\SEMESTER 4\\PEMROGRAMAN FRAMEWORK\\modul8-praktikum\\vendor\\laravel\\framework\\src\\Illuminate\\Pipeline\\Pipeline.php(180): App\\Http\\Middleware\\RedirectIfAuthenticated->handle(Object(Illuminate\\Http\\Request), Object(Closure))
#25 D:\\COOLIYAH\\SEMESTER 4\\PEMROGRAMAN FRAMEWORK\\modul8-praktikum\\vendor\\laravel\\framework\\src\\Illuminate\\Routing\\Middleware\\SubstituteBindings.php(50): Illuminate\\Pipeline\\Pipeline->Illuminate\\Pipeline\\{closure}(Object(Illuminate\\Http\\Request))
#26 D:\\COOLIYAH\\SEMESTER 4\\PEMROGRAMAN FRAMEWORK\\modul8-praktikum\\vendor\\laravel\\framework\\src\\Illuminate\\Pipeline\\Pipeline.php(180): Illuminate\\Routing\\Middleware\\SubstituteBindings->handle(Object(Illuminate\\Http\\Request), Object(Closure))
#27 D:\\COOLIYAH\\SEMESTER 4\\PEMROGRAMAN FRAMEWORK\\modul8-praktikum\\vendor\\laravel\\framework\\src\\Illuminate\\Foundation\\Http\\Middleware\\VerifyCsrfToken.php(78): Illuminate\\Pipeline\\Pipeline->Illuminate\\Pipeline\\{closure}(Object(Illuminate\\Http\\Request))
#28 D:\\COOLIYAH\\SEMESTER 4\\PEMROGRAMAN FRAMEWORK\\modul8-praktikum\\vendor\\laravel\\framework\\src\\Illuminate\\Pipeline\\Pipeline.php(180): Illuminate\\Foundation\\Http\\Middleware\\VerifyCsrfToken->handle(Object(Illuminate\\Http\\Request), Object(Closure))
#29 D:\\COOLIYAH\\SEMESTER 4\\PEMROGRAMAN FRAMEWORK\\modul8-praktikum\\vendor\\laravel\\framework\\src\\Illuminate\\View\\Middleware\\ShareErrorsFromSession.php(49): Illuminate\\Pipeline\\Pipeline->Illuminate\\Pipeline\\{closure}(Object(Illuminate\\Http\\Request))
#30 D:\\COOLIYAH\\SEMESTER 4\\PEMROGRAMAN FRAMEWORK\\modul8-praktikum\\vendor\\laravel\\framework\\src\\Illuminate\\Pipeline\\Pipeline.php(180): Illuminate\\View\\Middleware\\ShareErrorsFromSession->handle(Object(Illuminate\\Http\\Request), Object(Closure))
#31 D:\\COOLIYAH\\SEMESTER 4\\PEMROGRAMAN FRAMEWORK\\modul8-praktikum\\vendor\\laravel\\framework\\src\\Illuminate\\Session\\Middleware\\StartSession.php(121): Illuminate\\Pipeline\\Pipeline->Illuminate\\Pipeline\\{closure}(Object(Illuminate\\Http\\Request))
#32 D:\\COOLIYAH\\SEMESTER 4\\PEMROGRAMAN FRAMEWORK\\modul8-praktikum\\vendor\\laravel\\framework\\src\\Illuminate\\Session\\Middleware\\StartSession.php(64): Illuminate\\Session\\Middleware\\StartSession->handleStatefulRequest(Object(Illuminate\\Http\\Request), Object(Illuminate\\Session\\Store), Object(Closure))
#33 D:\\COOLIYAH\\SEMESTER 4\\PEMROGRAMAN FRAMEWORK\\modul8-praktikum\\vendor\\laravel\\framework\\src\\Illuminate\\Pipeline\\Pipeline.php(180): Illuminate\\Session\\Middleware\\StartSession->handle(Object(Illuminate\\Http\\Request), Object(Closure))
#34 D:\\COOLIYAH\\SEMESTER 4\\PEMROGRAMAN FRAMEWORK\\modul8-praktikum\\vendor\\laravel\\framework\\src\\Illuminate\\Cookie\\Middleware\\AddQueuedCookiesToResponse.php(37): Illuminate\\Pipeline\\Pipeline->Illuminate\\Pipeline\\{closure}(Object(Illuminate\\Http\\Request))
#35 D:\\COOLIYAH\\SEMESTER 4\\PEMROGRAMAN FRAMEWORK\\modul8-praktikum\\vendor\\laravel\\framework\\src\\Illuminate\\Pipeline\\Pipeline.php(180): Illuminate\\Cookie\\Middleware\\AddQueuedCookiesToResponse->handle(Object(Illuminate\\Http\\Request), Object(Closure))
#36 D:\\COOLIYAH\\SEMESTER 4\\PEMROGRAMAN FRAMEWORK\\modul8-praktikum\\vendor\\laravel\\framework\\src\\Illuminate\\Cookie\\Middleware\\EncryptCookies.php(67): Illuminate\\Pipeline\\Pipeline->Illuminate\\Pipeline\\{closure}(Object(Illuminate\\Http\\Request))
#37 D:\\COOLIYAH\\SEMESTER 4\\PEMROGRAMAN FRAMEWORK\\modul8-praktikum\\vendor\\laravel\\framework\\src\\Illuminate\\Pipeline\\Pipeline.php(180): Illuminate\\Cookie\\Middleware\\EncryptCookies->handle(Object(Illuminate\\Http\\Request), Object(Closure))
#38 D:\\COOLIYAH\\SEMESTER 4\\PEMROGRAMAN FRAMEWORK\\modul8-praktikum\\vendor\\laravel\\framework\\src\\Illuminate\\Pipeline\\Pipeline.php(116): Illuminate\\Pipeline\\Pipeline->Illuminate\\Pipeline\\{closure}(Object(Illuminate\\Http\\Request))
#39 D:\\COOLIYAH\\SEMESTER 4\\PEMROGRAMAN FRAMEWORK\\modul8-praktikum\\vendor\\laravel\\framework\\src\\Illuminate\\Routing\\Router.php(800): Illuminate\\Pipeline\\Pipeline->then(Object(Closure))
#40 D:\\COOLIYAH\\SEMESTER 4\\PEMROGRAMAN FRAMEWORK\\modul8-praktikum\\vendor\\laravel\\framework\\src\\Illuminate\\Routing\\Router.php(777): Illuminate\\Routing\\Router->runRouteWithinStack(Object(Illuminate\\Routing\\Route), Object(Illuminate\\Http\\Request))
#41 D:\\COOLIYAH\\SEMESTER 4\\PEMROGRAMAN FRAMEWORK\\modul8-praktikum\\vendor\\laravel\\framework\\src\\Illuminate\\Routing\\Router.php(741): Illuminate\\Routing\\Router->runRoute(Object(Illuminate\\Http\\Request), Object(Illuminate\\Routing\\Route))
#42 D:\\COOLIYAH\\SEMESTER 4\\PEMROGRAMAN FRAMEWORK\\modul8-praktikum\\vendor\\laravel\\framework\\src\\Illuminate\\Routing\\Router.php(730): Illuminate\\Routing\\Router->dispatchToRoute(Object(Illuminate\\Http\\Request))
#43 D:\\COOLIYAH\\SEMESTER 4\\PEMROGRAMAN FRAMEWORK\\modul8-praktikum\\vendor\\laravel\\framework\\src\\Illuminate\\Foundation\\Http\\Kernel.php(200): Illuminate\\Routing\\Router->dispatch(Object(Illuminate\\Http\\Request))
#44 D:\\COOLIYAH\\SEMESTER 4\\PEMROGRAMAN FRAMEWORK\\modul8-praktikum\\vendor\\laravel\\framework\\src\\Illuminate\\Pipeline\\Pipeline.php(141): Illuminate\\Foundation\\Http\\Kernel->Illuminate\\Foundation\\Http\\{closure}(Object(Illuminate\\Http\\Request))
#45 D:\\COOLIYAH\\SEMESTER 4\\PEMROGRAMAN FRAMEWORK\\modul8-praktikum\\vendor\\laravel\\framework\\src\\Illuminate\\Foundation\\Http\\Middleware\\TransformsRequest.php(21): Illuminate\\Pipeline\\Pipeline->Illuminate\\Pipeline\\{closure}(Object(Illuminate\\Http\\Request))
#46 D:\\COOLIYAH\\SEMESTER 4\\PEMROGRAMAN FRAMEWORK\\modul8-praktikum\\vendor\\laravel\\framework\\src\\Illuminate\\Foundation\\Http\\Middleware\\ConvertEmptyStringsToNull.php(31): Illuminate\\Foundation\\Http\\Middleware\\TransformsRequest->handle(Object(Illuminate\\Http\\Request), Object(Closure))
#47 D:\\COOLIYAH\\SEMESTER 4\\PEMROGRAMAN FRAMEWORK\\modul8-praktikum\\vendor\\laravel\\framework\\src\\Illuminate\\Pipeline\\Pipeline.php(180): Illuminate\\Foundation\\Http\\Middleware\\ConvertEmptyStringsToNull->handle(Object(Illuminate\\Http\\Request), Object(Closure))
#48 D:\\COOLIYAH\\SEMESTER 4\\PEMROGRAMAN FRAMEWORK\\modul8-praktikum\\vendor\\laravel\\framework\\src\\Illuminate\\Foundation\\Http\\Middleware\\TransformsRequest.php(21): Illuminate\\Pipeline\\Pipeline->Illuminate\\Pipeline\\{closure}(Object(Illuminate\\Http\\Request))
#49 D:\\COOLIYAH\\SEMESTER 4\\PEMROGRAMAN FRAMEWORK\\modul8-praktikum\\vendor\\laravel\\framework\\src\\Illuminate\\Foundation\\Http\\Middleware\\TrimStrings.php(40): Illuminate\\Foundation\\Http\\Middleware\\TransformsRequest->handle(Object(Illuminate\\Http\\Request), Object(Closure))
#50 D:\\COOLIYAH\\SEMESTER 4\\PEMROGRAMAN FRAMEWORK\\modul8-praktikum\\vendor\\laravel\\framework\\src\\Illuminate\\Pipeline\\Pipeline.php(180): Illuminate\\Foundation\\Http\\Middleware\\TrimStrings->handle(Object(Illuminate\\Http\\Request), Object(Closure))
#51 D:\\COOLIYAH\\SEMESTER 4\\PEMROGRAMAN FRAMEWORK\\modul8-praktikum\\vendor\\laravel\\framework\\src\\Illuminate\\Foundation\\Http\\Middleware\\ValidatePostSize.php(27): Illuminate\\Pipeline\\Pipeline->Illuminate\\Pipeline\\{closure}(Object(Illuminate\\Http\\Request))
#52 D:\\COOLIYAH\\SEMESTER 4\\PEMROGRAMAN FRAMEWORK\\modul8-praktikum\\vendor\\laravel\\framework\\src\\Illuminate\\Pipeline\\Pipeline.php(180): Illuminate\\Foundation\\Http\\Middleware\\ValidatePostSize->handle(Object(Illuminate\\Http\\Request), Object(Closure))
#53 D:\\COOLIYAH\\SEMESTER 4\\PEMROGRAMAN FRAMEWORK\\modul8-praktikum\\vendor\\laravel\\framework\\src\\Illuminate\\Foundation\\Http\\Middleware\\PreventRequestsDuringMaintenance.php(86): Illuminate\\Pipeline\\Pipeline->Illuminate\\Pipeline\\{closure}(Object(Illuminate\\Http\\Request))
#54 D:\\COOLIYAH\\SEMESTER 4\\PEMROGRAMAN FRAMEWORK\\modul8-praktikum\\vendor\\laravel\\framework\\src\\Illuminate\\Pipeline\\Pipeline.php(180): Illuminate\\Foundation\\Http\\Middleware\\PreventRequestsDuringMaintenance->handle(Object(Illuminate\\Http\\Request), Object(Closure))
#55 D:\\COOLIYAH\\SEMESTER 4\\PEMROGRAMAN FRAMEWORK\\modul8-praktikum\\vendor\\laravel\\framework\\src\\Illuminate\\Http\\Middleware\\HandleCors.php(49): Illuminate\\Pipeline\\Pipeline->Illuminate\\Pipeline\\{closure}(Object(Illuminate\\Http\\Request))
#56 D:\\COOLIYAH\\SEMESTER 4\\PEMROGRAMAN FRAMEWORK\\modul8-praktikum\\vendor\\laravel\\framework\\src\\Illuminate\\Pipeline\\Pipeline.php(180): Illuminate\\Http\\Middleware\\HandleCors->handle(Object(Illuminate\\Http\\Request), Object(Closure))
#57 D:\\COOLIYAH\\SEMESTER 4\\PEMROGRAMAN FRAMEWORK\\modul8-praktikum\\vendor\\laravel\\framework\\src\\Illuminate\\Http\\Middleware\\TrustProxies.php(39): Illuminate\\Pipeline\\Pipeline->Illuminate\\Pipeline\\{closure}(Object(Illuminate\\Http\\Request))
#58 D:\\COOLIYAH\\SEMESTER 4\\PEMROGRAMAN FRAMEWORK\\modul8-praktikum\\vendor\\laravel\\framework\\src\\Illuminate\\Pipeline\\Pipeline.php(180): Illuminate\\Http\\Middleware\\TrustProxies->handle(Object(Illuminate\\Http\\Request), Object(Closure))
#59 D:\\COOLIYAH\\SEMESTER 4\\PEMROGRAMAN FRAMEWORK\\modul8-praktikum\\vendor\\laravel\\framework\\src\\Illuminate\\Pipeline\\Pipeline.php(116): Illuminate\\Pipeline\\Pipeline->Illuminate\\Pipeline\\{closure}(Object(Illuminate\\Http\\Request))
#60 D:\\COOLIYAH\\SEMESTER 4\\PEMROGRAMAN FRAMEWORK\\modul8-praktikum\\vendor\\laravel\\framework\\src\\Illuminate\\Foundation\\Http\\Kernel.php(175): Illuminate\\Pipeline\\Pipeline->then(Object(Closure))
#61 D:\\COOLIYAH\\SEMESTER 4\\PEMROGRAMAN FRAMEWORK\\modul8-praktikum\\vendor\\laravel\\framework\\src\\Illuminate\\Foundation\\Http\\Kernel.php(144): Illuminate\\Foundation\\Http\\Kernel->sendRequestThroughRouter(Object(Illuminate\\Http\\Request))
#62 D:\\COOLIYAH\\SEMESTER 4\\PEMROGRAMAN FRAMEWORK\\modul8-praktikum\\public\\index.php(52): Illuminate\\Foundation\\Http\\Kernel->handle(Object(Illuminate\\Http\\Request))
#63 D:\\COOLIYAH\\SEMESTER 4\\PEMROGRAMAN FRAMEWORK\\modul8-praktikum\\vendor\\laravel\\framework\\src\\Illuminate\\Foundation\\resources\\server.php(16): require_once('D:\\\\COOLIYAH\\\\SEM...')
#64 {main}
"} 
[2023-06-28 17:54:04] local.ERROR: Namespace declaration statement has to be the very first statement or after any declare call in the script {"exception":"[object] (Symfony\\Component\\ErrorHandler\\Error\\FatalError(code: 0): Namespace declaration statement has to be the very first statement or after any declare call in the script at D:\\COOLIYAH\\SEMESTER 4\\PEMROGRAMAN FRAMEWORK\\modul8-praktikum\\app\\Http\\Controllers\\Auth\\LoginController.php:4)
[stacktrace]
#0 {main}
"} 
[2023-06-28 17:54:07] local.ERROR: Namespace declaration statement has to be the very first statement or after any declare call in the script {"exception":"[object] (Symfony\\Component\\ErrorHandler\\Error\\FatalError(code: 0): Namespace declaration statement has to be the very first statement or after any declare call in the script at D:\\COOLIYAH\\SEMESTER 4\\PEMROGRAMAN FRAMEWORK\\modul8-praktikum\\app\\Http\\Controllers\\Auth\\LoginController.php:4)
[stacktrace]
#0 {main}
"} 
